<?xml version="1.0" encoding="UTF-8"?>
<testsuite xmlns:xsi="http://www.w3.org/2001/XMLSchema-instance" xsi:noNamespaceSchemaLocation="https://maven.apache.org/surefire/maven-surefire-plugin/xsd/surefire-test-report-3.0.xsd" version="3.0" name="TestSuite" time="34.176" tests="1" errors="0" skipped="0" failures="0">
  <properties>
[...]
</properties>
  <testcase name="GetData" classname="tests.FetchFitnessData" time="33.238">
    <system-out><![CDATA[Wait running Selenium Script
Successfully visited www.strava.com
Successfully logged in
Successfully authorized
sending authorization code to test case
Successfully recieved authorization code: 9ed99f26b6005c5dd6dafad1df10ab3b15de638f
Sending authorization code to post request to get access token
Using the access token to get the fitness activites of a user
HTTP/1.1 200 OK
Content-Type: application/json; charset=utf-8
Transfer-Encoding: chunked
Connection: keep-alive
Date: Mon, 18 Jul 2022 07:04:10 GMT
Via: 1.1 linkerd, 1.1 linkerd, 1.1 b3f8e8e0dc167776bfbaa612926660f8.cloudfront.net (CloudFront)
ETag: W/"aa7c556be4c7ffb38e1a1ff20c1e50c6"
Vary: Origin
Server: nginx/1.21.3
Status: 200 OK
X-Request-Id: 314d8aee-da35-4acc-9666-74f23947c891
Cache-Control: max-age=0, private, must-revalidate
Referrer-Policy: strict-origin-when-cross-origin
X-Frame-Options: DENY
Content-Encoding: gzip
X-XSS-Protection: 1; mode=block
X-RateLimit-Limit: 100,1000
X-RateLimit-Usage: 2,5
X-Download-Options: noopen
X-Content-Type-Options: nosniff
X-Permitted-Cross-Domain-Policies: none
X-Cache: Miss from cloudfront
X-Amz-Cf-Pop: CCU50-C1
X-Amz-Cf-Id: wcaoAyBc1bnGTVHO0pad3WUUkxChOfJuOFefm9wKF5wZzxxd1dpJnw==

[
    {
        "resource_state": 2,
        "athlete": {
            "id": 105652472,
            "resource_state": 1
        },
        "name": "Evening Swim",
        "distance": 457.2,
        "moving_time": 1800,
        "elapsed_time": 1800,
        "total_elevation_gain": 0,
        "type": "Swim",
        "sport_type": "Swim",
        "id": 7478731519,
        "start_date": "2022-07-16T14:00:00Z",
        "start_date_local": "2022-07-16T19:30:00Z",
        "timezone": "(GMT+05:30) Asia/Kolkata",
        "utc_offset": 19800.0,
        "location_city": null,
        "location_state": null,
        "location_country": "India",
        "achievement_count": 0,
        "kudos_count": 0,
        "comment_count": 0,
        "athlete_count": 1,
        "photo_count": 0,
        "map": {
            "id": "a7478731519",
            "summary_polyline": null,
            "resource_state": 2
        },
        "trainer": true,
        "commute": false,
        "manual": true,
        "private": false,
        "visibility": "everyone",
        "flagged": false,
        "gear_id": null,
        "start_latlng": [
            
        ],
        "end_latlng": [
            
        ],
        "average_speed": 0.254,
        "max_speed": 0,
        "has_heartrate": false,
        "heartrate_opt_out": false,
        "display_hide_heartrate_option": false,
        "upload_id": null,
        "external_id": null,
        "from_accepted_tag": false,
        "pr_count": 0,
        "total_photo_count": 0,
        "has_kudoed": false
    },
    {
        "resource_state": 2,
        "athlete": {
            "id": 105652472,
            "resource_state": 1
        },
        "name": "Morning Run",
        "distance": 2000.0,
        "moving_time": 3600,
        "elapsed_time": 3600,
        "total_elevation_gain": 20.0,
        "type": "Run",
        "sport_type": "Run",
        "workout_type": 2,
        "id": 7478713614,
        "start_date": "2022-07-16T13:50:00Z",
        "start_date_local": "2022-07-16T19:20:00Z",
        "timezone": "(GMT+05:30) Asia/Kolkata",
        "utc_offset": 19800.0,
        "location_city": null,
        "location_state": null,
        "location_country": "India",
        "achievement_count": 0,
        "kudos_count": 0,
        "comment_count": 0,
        "athlete_count": 1,
        "photo_count": 0,
        "map": {
            "id": "a7478713614",
            "summary_polyline": null,
            "resource_state": 2
        },
        "trainer": false,
        "commute": false,
        "manual": true,
        "private": false,
        "visibility": "everyone",
        "flagged": false,
        "gear_id": "g11103852",
        "start_latlng": [
            
        ],
        "end_latlng": [
            
        ],
        "average_speed": 0.556,
        "max_speed": 0,
        "has_heartrate": false,
        "heartrate_opt_out": false,
        "display_hide_heartrate_option": false,
        "upload_id": null,
        "external_id": null,
        "from_accepted_tag": false,
        "pr_count": 0,
        "total_photo_count": 0,
        "has_kudoed": false
    },
    {
        "resource_state": 2,
        "athlete": {
            "id": 105652472,
            "resource_state": 1
        },
        "name": "Evening Run",
        "distance": 2000.0,
        "moving_time": 3600,
        "elapsed_time": 3600,
        "total_elevation_gain": 50.0,
        "type": "Run",
        "sport_type": "Run",
        "workout_type": 2,
        "id": 7478514055,
        "start_date": "2022-07-16T13:00:00Z",
        "start_date_local": "2022-07-16T18:30:00Z",
        "timezone": "(GMT+05:30) Asia/Kolkata",
        "utc_offset": 19800.0,
        "location_city": null,
        "location_state": null,
        "location_country": "India",
        "achievement_count": 0,
        "kudos_count": 0,
        "comment_count": 0,
        "athlete_count": 1,
        "photo_count": 0,
        "map": {
            "id": "a7478514055",
            "summary_polyline": null,
            "resource_state": 2
        },
        "trainer": false,
        "commute": false,
        "manual": true,
        "private": false,
        "visibility": "everyone",
        "flagged": false,
        "gear_id": "g11103852",
        "start_latlng": [
            
        ],
        "end_latlng": [
            
        ],
        "average_speed": 0.556,
        "max_speed": 0,
        "has_heartrate": false,
        "heartrate_opt_out": false,
        "display_hide_heartrate_option": false,
        "upload_id": null,
        "external_id": null,
        "from_accepted_tag": false,
        "pr_count": 0,
        "total_photo_count": 0,
        "has_kudoed": false
    },
    {
        "resource_state": 2,
        "athlete": {
            "id": 105652472,
            "resource_state": 1
        },
        "name": "Morning Activity",
        "distance": 0.0,
        "moving_time": 3600,
        "elapsed_time": 3600,
        "total_elevation_gain": 0,
        "type": "Workout",
        "sport_type": "Workout",
        "id": 7477103258,
        "start_date": "2022-07-16T02:30:00Z",
        "start_date_local": "2022-07-16T08:00:00Z",
        "timezone": "(GMT+05:30) Asia/Kolkata",
        "utc_offset": 19800.0,
        "location_city": null,
        "location_state": null,
        "location_country": "India",
        "achievement_count": 0,
        "kudos_count": 0,
        "comment_count": 0,
        "athlete_count": 1,
        "photo_count": 0,
        "map": {
            "id": "a7477103258",
            "summary_polyline": null,
            "resource_state": 2
        },
        "trainer": false,
        "commute": false,
        "manual": true,
        "private": false,
        "visibility": "everyone",
        "flagged": false,
        "gear_id": null,
        "start_latlng": [
            
        ],
        "end_latlng": [
            
        ],
        "average_speed": 0.0,
        "max_speed": 0,
        "has_heartrate": false,
        "heartrate_opt_out": false,
        "display_hide_heartrate_option": false,
        "upload_id": null,
        "external_id": null,
        "from_accepted_tag": false,
        "pr_count": 0,
        "total_photo_count": 0,
        "has_kudoed": false
    },
    {
        "resource_state": 2,
        "athlete": {
            "id": 105652472,
            "resource_state": 1
        },
        "name": "E-Bike Ride",
        "distance": 10000.0,
        "moving_time": 3600,
        "elapsed_time": 3600,
        "total_elevation_gain": 15.0,
        "type": "EBikeRide",
        "sport_type": "EBikeRide",
        "id": 7478750705,
        "start_date": "2022-07-03T14:30:00Z",
        "start_date_local": "2022-07-03T20:00:00Z",
        "timezone": "(GMT+05:30) Asia/Kolkata",
        "utc_offset": 19800.0,
        "location_city": null,
        "location_state": null,
        "location_country": "India",
        "achievement_count": 0,
        "kudos_count": 0,
        "comment_count": 0,
        "athlete_count": 1,
        "photo_count": 0,
        "map": {
            "id": "a7478750705",
            "summary_polyline": null,
            "resource_state": 2
        },
        "trainer": false,
        "commute": true,
        "manual": true,
        "private": false,
        "visibility": "everyone",
        "flagged": false,
        "gear_id": null,
        "start_latlng": [
            
        ],
        "end_latlng": [
            
        ],
        "average_speed": 2.778,
        "max_speed": 0,
        "has_heartrate": false,
        "heartrate_opt_out": false,
        "display_hide_heartrate_option": false,
        "upload_id": null,
        "external_id": null,
        "from_accepted_tag": false,
        "pr_count": 0,
        "total_photo_count": 0,
        "has_kudoed": false
    }
]
Successfully Fetched Activity Data for a strava user.!!!
]]></system-out>
    <system-err><![CDATA[SLF4J: Failed to load class "org.slf4j.impl.StaticLoggerBinder".
SLF4J: Defaulting to no-operation (NOP) logger implementation
SLF4J: See http://www.slf4j.org/codes.html#StaticLoggerBinder for further details.
Starting ChromeDriver 103.0.5060.53 (a1711811edd74ff1cf2150f36ffa3b0dae40b17f-refs/branch-heads/5060@{#853}) on port 25317
Only local connections are allowed.
Please see https://chromedriver.chromium.org/security-considerations for suggestions on keeping ChromeDriver safe.
ChromeDriver was started successfully.
Jul 18, 2022 12:33:38 PM org.openqa.selenium.remote.ProtocolHandshake createSession
INFO: Detected dialect: W3C
]]></system-err>
  </testcase>
</testsuite>