<?xml version="1.0" encoding="UTF-8"?>
<testng-results ignored="0" total="1" passed="1" failed="0" skipped="0">
  <reporter-output>
  </reporter-output>
  <suite started-at="2022-07-18T11:59:08 IST" name="Suite" finished-at="2022-07-18T11:59:44 IST" duration-ms="35412">
    <groups>
    </groups>
    <test started-at="2022-07-18T11:59:08 IST" name="Test" finished-at="2022-07-18T11:59:44 IST" duration-ms="35412">
      <class name="tests.FetchFitnessData">
        <test-method is-config="true" signature="preSetup()[pri:0, instance:tests.FetchFitnessData@318ba8c8]" started-at="2022-07-18T11:59:08 IST" name="preSetup" finished-at="2022-07-18T11:59:08 IST" duration-ms="14" status="PASS">
          <reporter-output>
          </reporter-output>
        </test-method> <!-- preSetup -->
        <test-method is-config="true" signature="setup()[pri:0, instance:tests.FetchFitnessData@318ba8c8]" started-at="2022-07-18T11:59:08 IST" name="setup" finished-at="2022-07-18T11:59:09 IST" duration-ms="728" status="PASS">
          <reporter-output>
          </reporter-output>
        </test-method> <!-- setup -->
        <test-method signature="GetData()[pri:0, instance:tests.FetchFitnessData@318ba8c8]" started-at="2022-07-18T11:59:09 IST" name="GetData" finished-at="2022-07-18T11:59:44 IST" duration-ms="34653" status="PASS">
          <reporter-output>
          </reporter-output>
        </test-method> <!-- GetData -->
      </class> <!-- tests.FetchFitnessData -->
    </test> <!-- Test -->
  </suite> <!-- Suite -->
</testng-results>
