<?xml version="1.0" encoding="UTF-8"?>
<testng-results ignored="0" total="1" passed="1" failed="0" skipped="0">
  <reporter-output>
  </reporter-output>
  <suite started-at="2022-07-17T17:57:43 IST" name="Default suite" finished-at="2022-07-17T17:58:03 IST" duration-ms="20724">
    <groups>
    </groups>
    <test started-at="2022-07-17T17:57:43 IST" name="Default test" finished-at="2022-07-17T17:58:03 IST" duration-ms="20724">
      <class name="tests.FetchFitnessData">
        <test-method is-config="true" signature="preSetup()[pri:0, instance:tests.FetchFitnessData@625732]" started-at="2022-07-17T17:57:43 IST" name="preSetup" finished-at="2022-07-17T17:57:43 IST" duration-ms="7" status="PASS">
          <reporter-output>
          </reporter-output>
        </test-method> <!-- preSetup -->
        <test-method is-config="true" signature="setup()[pri:0, instance:tests.FetchFitnessData@625732]" started-at="2022-07-17T17:57:43 IST" name="setup" finished-at="2022-07-17T17:57:43 IST" duration-ms="643" status="PASS">
          <reporter-output>
          </reporter-output>
        </test-method> <!-- setup -->
        <test-method signature="GetData()[pri:0, instance:tests.FetchFitnessData@625732]" started-at="2022-07-17T17:57:43 IST" name="GetData" finished-at="2022-07-17T17:58:03 IST" duration-ms="20057" status="PASS">
          <reporter-output>
          </reporter-output>
        </test-method> <!-- GetData -->
      </class> <!-- tests.FetchFitnessData -->
    </test> <!-- Default test -->
  </suite> <!-- Default suite -->
</testng-results>
